<?xml version="1.0" encoding="UTF-8"?>
<testng-results skipped="0" failed="0" ignored="0" total="1" passed="1">
  <reporter-output>
  </reporter-output>
  <suite name="Suite" duration-ms="12015" started-at="2017-06-17T05:09:56Z" finished-at="2017-06-17T05:10:08Z">
    <groups>
    </groups>
    <test name="Test" duration-ms="12015" started-at="2017-06-17T05:09:56Z" finished-at="2017-06-17T05:10:08Z">
      <class name="GoogleTest1.GoogleTest1">
        <test-method status="PASS" signature="logintest()[pri:0, instance:GoogleTest1.GoogleTest1@298508]" name="logintest" duration-ms="11979" started-at="2017-06-17T10:39:56Z" finished-at="2017-06-17T10:40:08Z">
          <reporter-output>
          </reporter-output>
        </test-method> <!-- logintest -->
      </class> <!-- GoogleTest1.GoogleTest1 -->
    </test> <!-- Test -->
  </suite> <!-- Suite -->
</testng-results>
