<?xml version="1.0" encoding="UTF-8"?>
<testng-results skipped="0" failed="0" ignored="0" total="1" passed="1">
  <reporter-output>
  </reporter-output>
  <suite name="Default suite" duration-ms="22063" started-at="2017-06-17T05:08:43Z" finished-at="2017-06-17T05:09:05Z">
    <groups>
    </groups>
    <test name="Default test" duration-ms="22063" started-at="2017-06-17T05:08:43Z" finished-at="2017-06-17T05:09:05Z">
      <class name="GoogleTest1.GoogleTest1">
        <test-method status="PASS" signature="logintest()[pri:0, instance:GoogleTest1.GoogleTest1@1cb1278]" name="logintest" duration-ms="22018" started-at="2017-06-17T10:38:43Z" finished-at="2017-06-17T10:39:05Z">
          <reporter-output>
          </reporter-output>
        </test-method> <!-- logintest -->
      </class> <!-- GoogleTest1.GoogleTest1 -->
    </test> <!-- Default test -->
  </suite> <!-- Default suite -->
</testng-results>
